<?xml version="1.0" encoding="UTF-8"?>
<!-- Generated by org.testng.reporters.JUnitReportReporter -->
<testsuite hostname="DESKTOP-JT28CA7" failures="0" tests="1" name="testNG.FbLogin" time="0.000" errors="0" timestamp="2024-09-24T13:46:56 IST" skipped="1">
  <testcase classname="testNG.FbLogin" name="fbLogin" time="0.000">
    <skipped/>
  </testcase> <!-- fbLogin -->
  <system-out/>
</testsuite> <!-- testNG.FbLogin -->
