<?xml version="1.0" encoding="UTF-8"?>
<!-- Generated by org.testng.reporters.JUnitReportReporter -->
<testsuite hostname="DESKTOP-JT28CA7" failures="0" tests="2" name="testNG.Class2" time="0.003" errors="0" timestamp="2024-09-09T06:10:42 IST" skipped="0">
  <testcase classname="testNG.Class2" name="mtd2" time="0.001"/>
  <system-out/>
  <testcase classname="testNG.Class2" name="mtd6" time="0.002"/>
  <system-out/>
</testsuite> <!-- testNG.Class2 -->
