<?xml version="1.0" encoding="UTF-8"?>
<!-- Generated by org.testng.reporters.JUnitReportReporter -->
<testsuite hostname="DESKTOP-JT28CA7" failures="0" tests="5" name="testNG.Attributes" time="0.040" errors="0" timestamp="2024-08-28T06:40:27 IST" skipped="0">
  <testcase classname="testNG.Attributes" name="home" time="0.004"/>
  <system-out/>
  <testcase classname="testNG.Attributes" name="cart" time="0.015"/>
  <system-out/>
  <testcase classname="testNG.Attributes" name="product" time="0.015"/>
  <system-out/>
  <testcase classname="testNG.Attributes" name="login" time="0.004"/>
  <system-out/>
  <testcase classname="testNG.Attributes" name="sum" time="0.002"/>
  <system-out/>
</testsuite> <!-- testNG.Attributes -->
