<?xml version="1.0" encoding="UTF-8"?>
<!-- Generated by org.testng.reporters.JUnitReportReporter -->
<testsuite hostname="DESKTOP-JT28CA7" failures="0" tests="1" name="testNG.FbCheck" time="0.041" errors="0" timestamp="2024-08-31T07:08:42 IST" skipped="0">
  <testcase classname="testNG.FbCheck" name="titleCheck" time="0.041"/>
  <system-out/>
</testsuite> <!-- testNG.FbCheck -->
