<?xml version="1.0" encoding="UTF-8"?>
<!-- Generated by org.testng.reporters.JUnitReportReporter -->
<testsuite hostname="DESKTOP-JT28CA7" failures="0" tests="2" name="testNG.Class1" time="0.002" errors="0" timestamp="2024-09-09T06:10:42 IST" skipped="0">
  <testcase classname="testNG.Class1" name="mtd1" time="0.001"/>
  <system-out/>
  <testcase classname="testNG.Class1" name="mtd5" time="0.001"/>
  <system-out/>
</testsuite> <!-- testNG.Class1 -->
