<?xml version="1.0" encoding="UTF-8"?>
<!-- Generated by org.testng.reporters.JUnitReportReporter -->
<testsuite hostname="DESKTOP-JT28CA7" failures="0" tests="2" name="extentReports.ExtentReportDemo" time="0.256" errors="0" timestamp="2024-09-17T06:50:09 IST" skipped="0">
  <testcase classname="extentReports.ExtentReportDemo" name="clickLink" time="0.180"/>
  <system-out/>
  <testcase classname="extentReports.ExtentReportDemo" name="checkTitle" time="0.076"/>
  <system-out/>
</testsuite> <!-- extentReports.ExtentReportDemo -->
