<?xml version="1.0" encoding="UTF-8"?>
<!-- Generated by org.testng.reporters.JUnitReportReporter -->
<testsuite hostname="DESKTOP-JT28CA7" failures="0" tests="3" name="testNG.DataProviderDemo" time="23.764" errors="0" timestamp="2024-08-30T06:53:21 IST" skipped="0">
  <testcase classname="testNG.DataProviderDemo" name="urlLaunch" time="21.528"/>
  <system-out/>
  <testcase classname="testNG.DataProviderDemo" name="login" time="1.147"/>
  <system-out/>
  <testcase classname="testNG.DataProviderDemo" name="login" time="1.089"/>
  <system-out/>
</testsuite> <!-- testNG.DataProviderDemo -->
