<?xml version="1.0" encoding="UTF-8"?>
<!-- Generated by org.testng.reporters.JUnitReportReporter -->
<testsuite hostname="DESKTOP-JT28CA7" failures="0" tests="2" name="com.test.LoginTest" time="26.669" errors="0" timestamp="2024-09-25T06:57:07 IST" skipped="0">
  <testcase classname="com.test.LoginTest" name="checkForget_Pwd" time="20.761"/>
  <system-out/>
  <testcase classname="com.test.LoginTest" name="login" time="5.908"/>
  <system-out/>
</testsuite> <!-- com.test.LoginTest -->
