<?xml version="1.0" encoding="UTF-8"?>
<!-- Generated by org.testng.reporters.JUnitReportReporter -->
<testsuite hostname="DESKTOP-JT28CA7" failures="0" tests="2" name="testNG.Class3" time="0.015" errors="0" timestamp="2024-09-09T06:10:42 IST" skipped="0">
  <testcase classname="testNG.Class3" name="mtd3" time="0.011"/>
  <system-out/>
  <testcase classname="testNG.Class3" name="mtd4" time="0.004"/>
  <system-out/>
</testsuite> <!-- testNG.Class3 -->
