<?xml version="1.0" encoding="UTF-8"?>
<!-- Generated by org.testng.reporters.JUnitReportReporter -->
<testsuite hostname="DESKTOP-JT28CA7" failures="0" tests="2" name="testNG.Annotation" time="0.019" errors="0" timestamp="2024-08-28T06:29:27 IST" skipped="0">
  <testcase classname="testNG.Annotation" name="test2" time="0.006"/>
  <system-out/>
  <testcase classname="testNG.Annotation" name="test1" time="0.013"/>
  <system-out/>
</testsuite> <!-- testNG.Annotation -->
